[2025-09-03T03:45:46.068332+00:00] database.INFO: Berhasil terhubung ke database: backend_smpp [] []
[2025-09-03T03:45:46.133763+00:00] database.INFO: Berhasil terhubung ke database: backend_smpp [] []
[2025-09-03T03:45:46.184268+00:00] database.INFO: Berhasil terhubung ke database: backend_smpp [] []
[2025-09-03T03:45:46.229655+00:00] database.INFO: Berhasil terhubung ke database: backend_smpp [] []
[2025-09-03T03:45:46.254028+00:00] database.ERROR: Error ambil riwayat SMS: An exception occurred while executing a query: SQLSTATE[42000]: Syntax error or access violation: 1064 You have an error in your SQL syntax; check the manual that corresponds to your MySQL server version for the right syntax to use near ''5' OFFSET '0'' at line 5 [] []
[2025-09-03T03:45:56.741495+00:00] database.INFO: Berhasil terhubung ke database: backend_smpp [] []
[2025-09-03T03:46:57.596345+00:00] database.INFO: Berhasil terhubung ke database: backend_smpp [] []
[2025-09-03T03:47:20.250741+00:00] database.INFO: Berhasil terhubung ke database: backend_smpp [] []
[2025-09-03T03:47:25.092732+00:00] database.INFO: Berhasil terhubung ke database: backend_smpp [] []
[2025-09-03T03:47:37.464405+00:00] database.INFO: Berhasil terhubung ke database: backend_smpp [] []
[2025-09-03T03:50:35.700559+00:00] database.INFO: Berhasil terhubung ke database: backend_smpp [] []
[2025-09-03T03:51:15.947879+00:00] database.INFO: Berhasil terhubung ke database: backend_smpp [] []
[2025-09-03T03:51:48.339090+00:00] database.INFO: Berhasil terhubung ke database: backend_smpp [] []
[2025-09-03T03:51:49.215627+00:00] smpp.INFO: Berhasil terhubung ke SMPP server: sgw3.aurateknologi.com:37001 [] []
[2025-09-03T03:51:49.216418+00:00] smpp.INFO: SMS berhasil dikirim ke: 6281234567890 {"message":"Test SMS","sender_id":"SMSNOTIF"} []
[2025-09-03T03:51:49.225447+00:00] database.INFO: Log SMS berhasil disimpan: sms_68b7bb5534d50 [] []
[2025-09-03T03:51:49.231835+00:00] smpp.INFO: Koneksi SMPP ditutup [] []
[2025-09-03T03:52:42.625949+00:00] database.INFO: Berhasil terhubung ke database: backend_smpp [] []
[2025-09-03T03:52:46.105981+00:00] database.INFO: Berhasil terhubung ke database: backend_smpp [] []
[2025-09-03T03:52:46.112917+00:00] database.ERROR: Error ambil riwayat SMS: An exception occurred while executing a query: SQLSTATE[42000]: Syntax error or access violation: 1064 You have an error in your SQL syntax; check the manual that corresponds to your MySQL server version for the right syntax to use near ''50' OFFSET '0'' at line 5 [] []
[2025-09-03T03:53:59.688226+00:00] database.INFO: Berhasil terhubung ke database: backend_smpp [] []
[2025-09-03T03:53:59.731578+00:00] smpp.INFO: Berhasil terhubung ke SMPP server: sgw3.aurateknologi.com:37001 [] []
[2025-09-03T03:53:59.732234+00:00] smpp.INFO: SMS berhasil dikirim ke: 6281234567890 {"message":"Test SMS kedua","sender_id":"SMSNOTIF"} []
[2025-09-03T03:53:59.741469+00:00] database.INFO: Log SMS berhasil disimpan: sms_68b7bbd7b2c39 [] []
[2025-09-03T03:53:59.745317+00:00] smpp.INFO: Koneksi SMPP ditutup [] []
[2025-09-03T03:54:03.816355+00:00] database.INFO: Berhasil terhubung ke database: backend_smpp [] []
[2025-09-03T03:54:03.845137+00:00] database.ERROR: Error ambil riwayat SMS: An exception occurred while executing a query: SQLSTATE[42000]: Syntax error or access violation: 1064 You have an error in your SQL syntax; check the manual that corresponds to your MySQL server version for the right syntax to use near ''50' OFFSET '0'' at line 5 [] []
[2025-09-03T03:55:03.409933+00:00] database.INFO: Berhasil terhubung ke database: backend_smpp [] []
[2025-09-03T03:57:50.806505+00:00] database.INFO: Berhasil terhubung ke database: backend_smpp [] []
[2025-09-03T03:58:12.888527+00:00] database.INFO: Berhasil terhubung ke database: backend_smpp [] []
[2025-09-03T03:58:12.998524+00:00] smpp.INFO: SMS berhasil dikirim ke: 6281234567890 {"message":"Test SMPP Implementation","sender_id":"SMSNOTIF","message_id":"sms_68b7bcd4f3c26"} []
[2025-09-03T03:58:13.008124+00:00] database.INFO: Log SMS berhasil disimpan: sms_68b7bcd4f3c26 [] []
[2025-09-03T03:58:18.692680+00:00] database.INFO: Berhasil terhubung ke database: backend_smpp [] []
[2025-09-03T04:05:55.611050+00:00] database.INFO: Berhasil terhubung ke database: backend_smpp [] []
[2025-09-03T04:05:56.182147+00:00] smpp.INFO: SMS berhasil dikirim ke: 6281234567890 {"message":"Test SMS dari sistem yang sudah jadi!","sender_id":"SMSNOTIF","message_id":"sms_68b7bea42c73a"} []
[2025-09-03T04:05:56.192148+00:00] database.INFO: Log SMS berhasil disimpan: sms_68b7bea42c73a [] []
[2025-09-03T04:18:19.000313+00:00] database.INFO: Berhasil terhubung ke database: backend_smpp [] []
[2025-09-03T04:18:19.128679+00:00] smpp.INFO: SMS berhasil dikirim ke: 6281234567890 {"message":"Test SMS setelah perbaikan error!","sender_id":"SMSNOTIF","message_id":"sms_68b7c18b1f661"} []
[2025-09-03T04:18:19.133117+00:00] database.INFO: Log SMS berhasil disimpan: sms_68b7c18b1f661 [] []
[2025-09-04T02:25:46.590413+00:00] database.INFO: Berhasil terhubung ke database: backend_smpp [] []
[2025-09-04T02:25:46.738707+00:00] smpp.INFO: SMS berhasil dikirim ke: 6281234567890 {"message":"Test SMS dari sistem yang sudah lengkap!","sender_id":"SMSNOTIF","message_id":"sms_68b8f8aab4502"} []
[2025-09-04T02:25:46.790041+00:00] database.INFO: Log SMS berhasil disimpan: sms_68b8f8aab4502 [] []
[2025-09-04T02:25:50.641630+00:00] database.INFO: Berhasil terhubung ke database: backend_smpp [] []
[2025-09-04T02:26:01.182113+00:00] database.INFO: Berhasil terhubung ke database: backend_smpp [] []
[2025-09-07T17:53:53.033213+00:00] database.INFO: Berhasil terhubung ke database: backend_smpp [] []
